<?xml version="1.0" encoding="UTF-8"?>
<testng-results skipped="0" failed="0" total="1" passed="1">
  <reporter-output>
  </reporter-output>
  <suite name="Default suite" duration-ms="21931" started-at="2020-03-08T06:54:04Z" finished-at="2020-03-08T06:54:26Z">
    <groups>
    </groups>
    <test name="Default test" duration-ms="21931" started-at="2020-03-08T06:54:04Z" finished-at="2020-03-08T06:54:26Z">
      <class name="googlelaunch.Google">
        <test-method status="PASS" signature="googlelaunchcode()[pri:0, instance:googlelaunch.Google@20e2cbe0]" name="googlelaunchcode" duration-ms="21918" started-at="2020-03-08T12:24:04Z" finished-at="2020-03-08T12:24:26Z">
          <reporter-output>
          </reporter-output>
        </test-method> <!-- googlelaunchcode -->
      </class> <!-- googlelaunch.Google -->
    </test> <!-- Default test -->
  </suite> <!-- Default suite -->
</testng-results>
